[0;36mℹ  Target: root@mittonvillage.com:/var/www/galaxy-miner[0m
[0;36mℹ  Domain: galaxyminer.mittonvillage.com[0m
[0;32m✓ Deployment lock acquired[0m

[0;34m==>[1m Checking local prerequisites[0m
[0;32m✓ tar is installed[0m
[0;32m✓ node is installed (v22.21.0)[0m
[0;32m✓ SSH key found: /home/eric/.ssh/id_ed25519[0m
[0;32m✓ .env.production found[0m
[0;32m✓ ecosystem.config.js found[0m
[0;32m✓ package.json found[0m

[0;34m==>[1m Running pre-deployment validation[0m
[0;36mℹ  Running test suite...[0m

> galaxy-miner@1.0.0 test
> vitest run

[33mThe CJS build of Vite's Node API is deprecated. See https://vite.dev/guide/troubleshooting.html#vite-cjs-node-api-deprecated for more details.[39m

 RUN  v2.1.9 /home/eric/Projects/galaxy-miner

 ✓ tests/unit/server/respawn.test.js (23 tests) 6ms
 ✓ tests/unit/shared/graveyard.test.js (16 tests) 6ms
 ✓ tests/unit/server/void-loot.test.js (18 tests) 10ms
 ✓ tests/unit/shared/utils.test.js (41 tests) 10ms
stdout | tests/unit/network/duplicate-handlers.test.js > Duplicate Handler Detection > Client Handler Duplicates > should report total client handler count

Total client handler registrations: 127
Handlers per file:
  client/js/network.js: 2
  client/js/network/auth.js: 2
  client/js/network/chat.js: 3
  client/js/network/combat.js: 9
  client/js/network/derelict.js: 5
  client/js/network/loot.js: 18
  client/js/network/marketplace.js: 8
  client/js/network/mining.js: 8
  client/js/network/npc.js: 33
  client/js/network/pirate.js: 6
  client/js/network/player.js: 10
  client/js/network/scavenger.js: 8
  client/js/network/ship.js: 8
  client/js/network/wormhole.js: 7

 ✓ tests/unit/network/duplicate-handlers.test.js (5 tests) 6ms
stdout | tests/unit/network/duplicate-handlers.test.js > Duplicate Handler Detection > Server Handler Duplicates > should report total server handler count

Total server handler registrations: 35
Handlers per file:
  server/socket/auth.js: 4
  server/socket/chat.js: 1
  server/socket/combat.js: 1
  server/socket/connection.js: 2
  server/socket/derelict.js: 3
  server/socket/emote.js: 1
  server/socket/loot.js: 4
  server/socket/marketplace.js: 5
  server/socket/mining.js: 2
  server/socket/player.js: 2
  server/socket/relic.js: 1
  server/socket/ship.js: 4
  server/socket/wormhole.js: 5

stdout | tests/unit/network/duplicate-handlers.test.js > Duplicate Handler Detection > Handler Registry > should list all unique events with their locations

Total unique events: 160

 ✓ tests/unit/server/spatial-hash.test.js (24 tests) 10ms
 ✓ tests/unit/shared/physics.test.js (34 tests) 18ms
 ✓ tests/unit/network/event-contracts.test.js (32 tests) 16ms
 ✓ tests/unit/server/void-leviathan.test.js (36 tests) 14ms
 ✓ tests/unit/server/derelict.test.js (28 tests) 17ms
 ✓ tests/unit/server/auth.test.js (21 tests) 302ms

 Test Files  11 passed (11)
      Tests  278 passed (278)
   Start at  23:31:30
   Duration  550ms (transform 201ms, setup 0ms, collect 481ms, tests 415ms, environment 2ms, prepare 734ms)

[0;32m✓ Tests passed[0m
[0;32m✓ Pre-deployment validation passed[0m

[0;34m==>[1m Checking SSH connectivity[0m
[0;31m✗ Cannot connect to mittonvillage.com via SSH[0m
